2022-09-05 12:52:23:5223 - [32minfo[39m: [32mConectou!!!![39m
2022-09-05 12:52:52:5252 - [32minfo[39m: [32mConectou!!!![39m
2022-09-05 12:52:52:5252 - [32minfo[39m: [32mAplicação funcionando na porta: 3000[39m
2022-09-05 12:53:55:5355 - [32minfo[39m: [32mConectou!!!![39m
2022-09-05 12:53:55:5355 - [32minfo[39m: [32mAplicação funcionando na porta: 3000[39m
2022-09-05 12:54:40:5440 - [32minfo[39m: [32mConectou!!!![39m
2022-09-05 12:54:40:5440 - [32minfo[39m: [32mAplicação funcionando na porta: 3000[39m
2022-09-05 13:05:06:56 - [32minfo[39m: [32mConectou!!!![39m
2022-09-05 13:05:06:56 - [32minfo[39m: [32mAplicação funcionando na porta: 3000[39m
2022-09-05 13:05:10:510 - [35mhttp[39m: [35mGET /api/test 200 12 - 2.467 ms[39m
[35m[39m
2022-09-05 13:17:34:1734 - [32minfo[39m: [32mConectou!!!![39m
2022-09-05 13:17:34:1734 - [32minfo[39m: [32mAplicação funcionando na porta: 3000[39m
2022-09-05 13:19:14:1914 - [35mhttp[39m: [35mPOST /api/movie 200 22 - 3.967 ms[39m
[35m[39m
2022-09-05 13:24:47:2447 - [35mhttp[39m: [35mPOST /api/movie 200 22 - 0.676 ms[39m
[35m[39m
2022-09-05 13:24:50:2450 - [35mhttp[39m: [35mPOST /api/movie 200 22 - 0.644 ms[39m
[35m[39m
2022-09-05 13:25:46:2546 - [35mhttp[39m: [35mPOST /api/movie 200 22 - 0.862 ms[39m
[35m[39m
2022-09-05 13:30:09:309 - [35mhttp[39m: [35mPOST /api/movie 200 22 - 0.527 ms[39m
[35m[39m
2022-09-05 13:30:55:3055 - [32minfo[39m: [32mConectou!!!![39m
2022-09-05 13:30:55:3055 - [32minfo[39m: [32mAplicação funcionando na porta: 3000[39m
2022-09-05 13:31:10:3110 - [32minfo[39m: [32mConectou!!!![39m
2022-09-05 13:31:10:3110 - [32minfo[39m: [32mAplicação funcionando na porta: 3000[39m
2022-09-05 13:31:23:3123 - [32minfo[39m: [32mConectou!!!![39m
2022-09-05 13:31:23:3123 - [32minfo[39m: [32mAplicação funcionando na porta: 3000[39m
2022-09-05 13:31:27:3127 - [35mhttp[39m: [35mPOST /api/movie 201 155 - 44.795 ms[39m
[35m[39m
2022-09-05 13:41:29:4129 - [32minfo[39m: [32mConectou!!!![39m
2022-09-05 13:41:29:4129 - [32minfo[39m: [32mAplicação funcionando na porta: 3000[39m
2022-09-05 13:42:27:4227 - [32minfo[39m: [32mConectou!!!![39m
2022-09-05 13:42:27:4227 - [32minfo[39m: [32mAplicação funcionando na porta: 3000[39m
2022-09-05 13:42:41:4241 - [35mhttp[39m: [35mPOST /api/movie 201 151 - 47.310 ms[39m
[35m[39m
2022-09-05 13:46:58:4658 - [32minfo[39m: [32mConectou!!!![39m
2022-09-05 13:46:58:4658 - [32minfo[39m: [32mAplicação funcionando na porta: 3000[39m
2022-09-05 13:47:18:4718 - [35mhttp[39m: [35mPOST /api/movie - - - - ms[39m
[35m[39m
2022-09-05 13:47:38:4738 - [32minfo[39m: [32mConectou!!!![39m
2022-09-05 13:47:38:4738 - [32minfo[39m: [32mAplicação funcionando na porta: 3000[39m
2022-09-05 13:48:00:480 - [32minfo[39m: [32mConectou!!!![39m
2022-09-05 13:48:00:480 - [32minfo[39m: [32mAplicação funcionando na porta: 3000[39m
2022-09-05 13:48:10:4810 - [35mhttp[39m: [35mPOST /api/movie - - - - ms[39m
[35m[39m
2022-09-05 13:49:15:4915 - [32minfo[39m: [32mConectou!!!![39m
2022-09-05 13:49:15:4915 - [32minfo[39m: [32mAplicação funcionando na porta: 3000[39m
2022-09-05 13:49:31:4931 - [32minfo[39m: [32mConectou!!!![39m
2022-09-05 13:49:31:4931 - [32minfo[39m: [32mAplicação funcionando na porta: 3000[39m
2022-09-05 13:49:44:4944 - [32minfo[39m: [32mConectou!!!![39m
2022-09-05 13:49:44:4944 - [32minfo[39m: [32mAplicação funcionando na porta: 3000[39m
2022-09-05 13:50:00:500 - [32minfo[39m: [32mConectou!!!![39m
2022-09-05 13:50:00:500 - [32minfo[39m: [32mAplicação funcionando na porta: 3000[39m
2022-09-05 13:50:11:5011 - [32minfo[39m: [32mConectou!!!![39m
2022-09-05 13:50:11:5011 - [32minfo[39m: [32mAplicação funcionando na porta: 3000[39m
2022-09-05 13:50:20:5020 - [35mhttp[39m: [35mPOST /api/movie - - - - ms[39m
[35m[39m
2022-09-05 13:51:13:5113 - [32minfo[39m: [32mConectou!!!![39m
2022-09-05 13:51:13:5113 - [32minfo[39m: [32mAplicação funcionando na porta: 3000[39m
2022-09-05 13:51:36:5136 - [32minfo[39m: [32mConectou!!!![39m
2022-09-05 13:51:36:5136 - [32minfo[39m: [32mAplicação funcionando na porta: 3000[39m
2022-09-05 13:56:10:5610 - [32minfo[39m: [32mConectou!!!![39m
2022-09-05 13:56:10:5610 - [32minfo[39m: [32mAplicação funcionando na porta: 3000[39m
2022-09-05 13:57:24:5724 - [32minfo[39m: [32mConectou!!!![39m
2022-09-05 13:57:24:5724 - [32minfo[39m: [32mAplicação funcionando na porta: 3000[39m
2022-09-05 13:57:27:5727 - [35mhttp[39m: [35mPOST /api/movie 201 143 - 53.872 ms[39m
[35m[39m
2022-09-05 13:59:37:5937 - [32minfo[39m: [32mConectou!!!![39m
2022-09-05 13:59:37:5937 - [32minfo[39m: [32mAplicação funcionando na porta: 3000[39m
2022-09-05 13:59:41:5941 - [35mhttp[39m: [35mPOST /api/movie 422 51 - 4.607 ms[39m
[35m[39m
2022-09-05 14:01:03:13 - [32minfo[39m: [32mConectou!!!![39m
2022-09-05 14:01:03:13 - [32minfo[39m: [32mAplicação funcionando na porta: 3000[39m
2022-09-05 14:01:12:112 - [35mhttp[39m: [35mPOST /api/movie 422 69 - 2.984 ms[39m
[35m[39m
2022-09-05 14:03:42:342 - [32minfo[39m: [32mConectou!!!![39m
2022-09-05 14:03:42:342 - [32minfo[39m: [32mAplicação funcionando na porta: 3000[39m
2022-09-05 14:04:07:47 - [35mhttp[39m: [35mPOST /api/movie 201 172 - 34.917 ms[39m
[35m[39m
2022-09-05 14:06:08:68 - [32minfo[39m: [32mConectou!!!![39m
2022-09-05 14:06:08:68 - [32minfo[39m: [32mAplicação funcionando na porta: 3000[39m
2022-09-05 14:06:15:615 - [35mhttp[39m: [35mPOST /api/movie 422 55 - 3.401 ms[39m
[35m[39m
2022-09-05 14:06:26:626 - [35mhttp[39m: [35mPOST /api/movie 422 55 - 3.059 ms[39m
[35m[39m
2022-09-05 14:07:57:757 - [32minfo[39m: [32mConectou!!!![39m
2022-09-05 14:07:57:757 - [32minfo[39m: [32mAplicação funcionando na porta: 3000[39m
2022-09-05 14:07:58:758 - [35mhttp[39m: [35mPOST /api/movie 422 60 - 4.544 ms[39m
[35m[39m
2022-09-05 14:08:44:844 - [35mhttp[39m: [35mPOST /api/movie 201 191 - 43.616 ms[39m
[35m[39m
2022-09-05 14:09:55:955 - [32minfo[39m: [32mConectou!!!![39m
2022-09-05 14:09:55:955 - [32minfo[39m: [32mAplicação funcionando na porta: 3000[39m
2022-09-05 14:09:58:958 - [35mhttp[39m: [35mPOST /api/movie 422 51 - 4.022 ms[39m
[35m[39m
2022-09-05 14:10:28:1028 - [35mhttp[39m: [35mPOST /api/movie 201 235 - 47.430 ms[39m
[35m[39m
2022-09-05 14:11:45:1145 - [32minfo[39m: [32mConectou!!!![39m
2022-09-05 14:11:45:1145 - [32minfo[39m: [32mAplicação funcionando na porta: 3000[39m
2022-09-05 14:12:48:1248 - [35mhttp[39m: [35mPOST /api/movie 422 54 - 7.036 ms[39m
[35m[39m
2022-09-05 14:13:54:1354 - [35mhttp[39m: [35mPOST /api/movie 201 439 - 58.789 ms[39m
[35m[39m
2022-09-05 14:24:40:2440 - [32minfo[39m: [32mConectou!!!![39m
2022-09-05 14:24:40:2440 - [32minfo[39m: [32mAplicação funcionando na porta: 3000[39m
2022-09-05 14:26:19:2619 - [35mhttp[39m: [35mGET /api//movie/63162e5234623a2786704bf7 404 31 - 41.311 ms[39m
[35m[39m
2022-09-05 14:26:44:2644 - [35mhttp[39m: [35mGET /api//movie/63162e5234623a2786704bf8 - - - - ms[39m
[35m[39m
2022-09-05 14:27:32:2732 - [32minfo[39m: [32mConectou!!!![39m
2022-09-05 14:27:32:2732 - [32minfo[39m: [32mAplicação funcionando na porta: 3000[39m
2022-09-05 14:27:36:2736 - [35mhttp[39m: [35mGET /api//movie/63162e5234623a2786704bf8 200 439 - 44.080 ms[39m
[35m[39m
2022-09-05 14:47:02:472 - [32minfo[39m: [32mConectou!!!![39m
2022-09-05 14:47:02:472 - [32minfo[39m: [32mAplicação funcionando na porta: 3000[39m
2022-09-05 14:47:28:4728 - [32minfo[39m: [32mConectou!!!![39m
2022-09-05 14:47:28:4728 - [32minfo[39m: [32mAplicação funcionando na porta: 3000[39m
2022-09-05 14:48:53:4853 - [35mhttp[39m: [35mGET /api//movie 200 441 - 42.378 ms[39m
[35m[39m
2022-09-05 14:54:32:5432 - [32minfo[39m: [32mConectou!!!![39m
2022-09-05 14:54:32:5432 - [32minfo[39m: [32mAplicação funcionando na porta: 3000[39m
2022-09-05 14:55:22:5522 - [32minfo[39m: [32mConectou!!!![39m
2022-09-05 14:55:23:5523 - [32minfo[39m: [32mAplicação funcionando na porta: 3000[39m
2022-09-05 14:56:35:5635 - [35mhttp[39m: [35mPOST /api/movie 201 423 - 52.821 ms[39m
[35m[39m
2022-09-05 14:57:04:574 - [35mhttp[39m: [35mGET /api//movie 200 865 - 36.714 ms[39m
[35m[39m
2022-09-05 14:58:36:5836 - [31merror[39m: [31mErro no sistema: Cast to ObjectId failed for value "63163853ac8c76c4ed4970a" (type string) at path "_id" for model "Movie"[39m
2022-09-05 14:58:36:5836 - [35mhttp[39m: [35mDELETE /api/movie/63163853ac8c76c4ed4970a 500 40 - 3.611 ms[39m
[35m[39m
2022-09-05 14:59:01:591 - [32minfo[39m: [32mConectou!!!![39m
2022-09-05 14:59:01:591 - [32minfo[39m: [32mAplicação funcionando na porta: 3000[39m
2022-09-05 14:59:05:595 - [31merror[39m: [31mErro no sistema: Cast to ObjectId failed for value "63163853ac8c76c4ed4970a" (type string) at path "_id" for model "Movie"[39m
2022-09-05 14:59:05:595 - [35mhttp[39m: [35mDELETE /api/movie/63163853ac8c76c4ed4970a 500 40 - 11.264 ms[39m
[35m[39m
2022-09-05 15:00:02:02 - [32minfo[39m: [32mConectou!!!![39m
2022-09-05 15:00:02:02 - [32minfo[39m: [32mAplicação funcionando na porta: 3000[39m
2022-09-05 15:00:21:021 - [32minfo[39m: [32mConectou!!!![39m
2022-09-05 15:00:21:021 - [32minfo[39m: [32mAplicação funcionando na porta: 3000[39m
2022-09-05 15:00:26:026 - [31merror[39m: [31mErro no sistema: Cast to ObjectId failed for value "63163853ac8c76c4ed4970a" (type string) at path "_id" for model "Movie"[39m
2022-09-05 15:00:26:026 - [35mhttp[39m: [35mDELETE /api/movie/63163853ac8c76c4ed4970a 500 40 - 10.339 ms[39m
[35m[39m
2022-09-05 15:00:27:027 - [31merror[39m: [31mErro no sistema: Cast to ObjectId failed for value "63163853ac8c76c4ed4970a" (type string) at path "_id" for model "Movie"[39m
2022-09-05 15:00:27:027 - [35mhttp[39m: [35mDELETE /api/movie/63163853ac8c76c4ed4970a 500 40 - 1.917 ms[39m
[35m[39m
2022-09-05 15:02:31:231 - [32minfo[39m: [32mConectou!!!![39m
2022-09-05 15:02:31:231 - [32minfo[39m: [32mAplicação funcionando na porta: 3000[39m
2022-09-05 15:02:41:241 - [31merror[39m: [31mErro no sistema: Cast to ObjectId failed for value "63163853ac8c76c4ed4970a" (type string) at path "_id" for model "Movie"[39m
2022-09-05 15:02:41:241 - [35mhttp[39m: [35mDELETE /api/movie/63163853ac8c76c4ed4970a 500 40 - 10.269 ms[39m
[35m[39m
2022-09-05 15:03:59:359 - [31merror[39m: [31mErro no sistema: Cast to ObjectId failed for value "63163853ac8c76c4ed4970a" (type string) at path "_id" for model "Movie"[39m
2022-09-05 15:03:59:359 - [35mhttp[39m: [35mDELETE /api/movie/63163853ac8c76c4ed4970a 500 40 - 2.646 ms[39m
[35m[39m
2022-09-05 15:04:57:457 - [31merror[39m: [31mErro no sistema: Cast to ObjectId failed for value "63163853ac8c76c4ed4970a" (type string) at path "_id" for model "Movie"[39m
2022-09-05 15:04:57:457 - [35mhttp[39m: [35mDELETE /api/movie/63163853ac8c76c4ed4970a 500 40 - 1.327 ms[39m
[35m[39m
2022-09-05 15:06:06:66 - [32minfo[39m: [32mConectou!!!![39m
2022-09-05 15:06:06:66 - [32minfo[39m: [32mAplicação funcionando na porta: 3000[39m
2022-09-05 15:06:21:621 - [32minfo[39m: [32mConectou!!!![39m
2022-09-05 15:06:21:621 - [32minfo[39m: [32mAplicação funcionando na porta: 3000[39m
2022-09-05 15:06:23:623 - [31merror[39m: [31mErro no sistema: Cast to ObjectId failed for value "63163853ac8c76c4ed4970a" (type string) at path "_id" for model "Movie"[39m
2022-09-05 15:06:23:623 - [35mhttp[39m: [35mDELETE /api/movie/63163853ac8c76c4ed4970a 500 40 - 8.665 ms[39m
[35m[39m
2022-09-05 15:07:26:726 - [32minfo[39m: [32mConectou!!!![39m
2022-09-05 15:07:26:726 - [32minfo[39m: [32mAplicação funcionando na porta: 3000[39m
2022-09-05 15:07:32:732 - [31merror[39m: [31mErro no sistema: Cast to ObjectId failed for value "63163853ac8c76c4ed4970a" (type string) at path "_id" for model "Movie"[39m
2022-09-05 15:07:32:732 - [35mhttp[39m: [35mDELETE /api/movie/63163853ac8c76c4ed4970a 500 40 - 13.027 ms[39m
[35m[39m
2022-09-05 15:07:35:735 - [31merror[39m: [31mErro no sistema: Cast to ObjectId failed for value "63163853ac8c76c4ed4970a" (type string) at path "_id" for model "Movie"[39m
2022-09-05 15:07:35:735 - [35mhttp[39m: [35mDELETE /api/movie/63163853ac8c76c4ed4970a 500 40 - 2.768 ms[39m
[35m[39m
2022-09-05 15:09:14:914 - [32minfo[39m: [32mConectou!!!![39m
2022-09-05 15:09:14:914 - [32minfo[39m: [32mAplicação funcionando na porta: 3000[39m
2022-09-05 15:09:16:916 - [31merror[39m: [31mErro no sistema: Cast to ObjectId failed for value "63163853ac8c76c4ed4970a" (type string) at path "_id" for model "Movie"[39m
2022-09-05 15:09:17:917 - [35mhttp[39m: [35mDELETE /api/movie/63163853ac8c76c4ed4970a 500 40 - 10.973 ms[39m
[35m[39m
2022-09-05 15:09:18:918 - [31merror[39m: [31mErro no sistema: Cast to ObjectId failed for value "63163853ac8c76c4ed4970a" (type string) at path "_id" for model "Movie"[39m
2022-09-05 15:09:18:918 - [35mhttp[39m: [35mDELETE /api/movie/63163853ac8c76c4ed4970a 500 40 - 2.144 ms[39m
[35m[39m
2022-09-05 15:09:19:919 - [31merror[39m: [31mErro no sistema: Cast to ObjectId failed for value "63163853ac8c76c4ed4970a" (type string) at path "_id" for model "Movie"[39m
2022-09-05 15:09:19:919 - [35mhttp[39m: [35mDELETE /api/movie/63163853ac8c76c4ed4970a 500 40 - 1.480 ms[39m
[35m[39m
2022-09-05 15:14:19:1419 - [31merror[39m: [31mErro no sistema: Cast to ObjectId failed for value "63163853ac8c76c4ed4970a" (type string) at path "_id" for model "Movie"[39m
2022-09-05 15:14:19:1419 - [35mhttp[39m: [35mDELETE /api//movie/63163853ac8c76c4ed4970a 500 40 - 1.419 ms[39m
[35m[39m
2022-09-05 15:14:35:1435 - [31merror[39m: [31mErro no sistema: Cast to ObjectId failed for value "63163853ac8c76c4ed4970a" (type string) at path "_id" for model "Movie"[39m
2022-09-05 15:14:35:1435 - [35mhttp[39m: [35mDELETE /api/movie/63163853ac8c76c4ed4970a 500 40 - 1.129 ms[39m
[35m[39m
2022-09-05 15:15:00:150 - [32minfo[39m: [32mConectou!!!![39m
2022-09-05 15:15:00:150 - [32minfo[39m: [32mAplicação funcionando na porta: 3000[39m
2022-09-05 15:15:05:155 - [31merror[39m: [31mErro no sistema: Cast to ObjectId failed for value "63163853ac8c76c4ed4970" (type string) at path "_id" for model "Movie"[39m
2022-09-05 15:15:05:155 - [35mhttp[39m: [35mDELETE /api/movie/63163853ac8c76c4ed4970 500 40 - 13.631 ms[39m
[35m[39m
2022-09-05 15:15:38:1538 - [32minfo[39m: [32mConectou!!!![39m
2022-09-05 15:15:38:1538 - [32minfo[39m: [32mAplicação funcionando na porta: 3000[39m
2022-09-05 15:15:43:1543 - [31merror[39m: [31mErro no sistema: Cast to ObjectId failed for value "63163853ac8c76c4ed4970" (type string) at path "_id" for model "Movie"[39m
2022-09-05 15:15:43:1543 - [35mhttp[39m: [35mDELETE /api/movie/63163853ac8c76c4ed4970 500 40 - 14.054 ms[39m
[35m[39m
2022-09-05 15:15:44:1544 - [31merror[39m: [31mErro no sistema: Cast to ObjectId failed for value "63163853ac8c76c4ed4970" (type string) at path "_id" for model "Movie"[39m
2022-09-05 15:15:44:1544 - [35mhttp[39m: [35mDELETE /api/movie/63163853ac8c76c4ed4970 500 40 - 2.213 ms[39m
[35m[39m
2022-09-05 15:16:13:1613 - [31merror[39m: [31mErro no sistema: Cast to ObjectId failed for value "63163853ac8c76c4ed4970" (type string) at path "_id" for model "Movie"[39m
2022-09-05 15:16:13:1613 - [35mhttp[39m: [35mDELETE /api/movie/63163853ac8c76c4ed4970 500 40 - 1.318 ms[39m
[35m[39m
2022-09-05 15:18:43:1843 - [32minfo[39m: [32mConectou!!!![39m
2022-09-05 15:18:43:1843 - [32minfo[39m: [32mAplicação funcionando na porta: 3000[39m
2022-09-05 15:18:46:1846 - [31merror[39m: [31mErro no sistema: Cast to ObjectId failed for value "63163853ac8c76c4ed4970" (type string) at path "_id" for model "Movie"[39m
2022-09-05 15:19:49:1949 - [32minfo[39m: [32mConectou!!!![39m
2022-09-05 15:19:49:1949 - [32minfo[39m: [32mAplicação funcionando na porta: 3000[39m
2022-09-05 15:19:50:1950 - [31merror[39m: [31mErro no sistema: Cast to ObjectId failed for value "63163853ac8c76c4ed4970" (type string) at path "_id" for model "Movie"[39m
2022-09-05 15:19:50:1950 - [35mhttp[39m: [35mDELETE /api/movie/63163853ac8c76c4ed4970 500 40 - 10.356 ms[39m
[35m[39m
2022-09-05 15:20:18:2018 - [32minfo[39m: [32mConectou!!!![39m
2022-09-05 15:20:18:2018 - [32minfo[39m: [32mAplicação funcionando na porta: 3000[39m
2022-09-05 15:24:51:2451 - [32minfo[39m: [32mConectou!!!![39m
2022-09-05 15:24:51:2451 - [32minfo[39m: [32mAplicação funcionando na porta: 3000[39m
2022-09-05 15:25:04:254 - [32minfo[39m: [32mConectou!!!![39m
2022-09-05 15:25:04:254 - [32minfo[39m: [32mAplicação funcionando na porta: 3000[39m
2022-09-05 15:25:15:2515 - [32minfo[39m: [32mConectou!!!![39m
2022-09-05 15:25:15:2515 - [32minfo[39m: [32mAplicação funcionando na porta: 3000[39m
2022-09-05 15:25:22:2522 - [31merror[39m: [31mErro no sistema: Cast to ObjectId failed for value "63163853ac8c76c4ed4970" (type string) at path "_id" for model "Movie"[39m
2022-09-05 15:25:22:2522 - [35mhttp[39m: [35mDELETE /api/movie/63163853ac8c76c4ed4970 500 40 - 13.936 ms[39m
[35m[39m
2022-09-05 15:25:24:2524 - [31merror[39m: [31mErro no sistema: Cast to ObjectId failed for value "63163853ac8c76c4ed4970" (type string) at path "_id" for model "Movie"[39m
2022-09-05 15:25:24:2524 - [35mhttp[39m: [35mDELETE /api/movie/63163853ac8c76c4ed4970 500 40 - 1.957 ms[39m
[35m[39m
2022-09-05 15:26:26:2626 - [31merror[39m: [31mErro no sistema: Cast to ObjectId failed for value "63163853ac8c76c4ed4970" (type string) at path "_id" for model "Movie"[39m
2022-09-05 15:26:26:2626 - [35mhttp[39m: [35mDELETE /api//movie/63163853ac8c76c4ed4970 500 40 - 2.578 ms[39m
[35m[39m
2022-09-05 15:26:27:2627 - [31merror[39m: [31mErro no sistema: Cast to ObjectId failed for value "63163853ac8c76c4ed4970" (type string) at path "_id" for model "Movie"[39m
2022-09-05 15:26:27:2627 - [35mhttp[39m: [35mDELETE /api//movie/63163853ac8c76c4ed4970 500 40 - 1.686 ms[39m
[35m[39m
2022-09-05 15:26:31:2631 - [31merror[39m: [31mErro no sistema: Cast to ObjectId failed for value "63163853ac8c76c4ed4970" (type string) at path "_id" for model "Movie"[39m
2022-09-05 15:26:31:2631 - [35mhttp[39m: [35mDELETE /api/movie/63163853ac8c76c4ed4970 500 40 - 1.260 ms[39m
[35m[39m
2022-09-05 15:28:03:283 - [32minfo[39m: [32mConectou!!!![39m
2022-09-05 15:28:03:283 - [32minfo[39m: [32mAplicação funcionando na porta: 3000[39m
2022-09-05 15:28:06:286 - [32minfo[39m: [32mErro no sistema: Cast to ObjectId failed for value "63163853ac8c76c4ed4970" (type string) at path "_id" for model "Movie"[39m
2022-09-05 15:28:23:2823 - [35mhttp[39m: [35mDELETE /api/movie/63163853ac8c76c4ed4970 - - - - ms[39m
[35m[39m
2022-09-05 15:31:00:310 - [32minfo[39m: [32mErro no sistema: Cast to ObjectId failed for value "63163853ac8c76c4ed4970" (type string) at path "_id" for model "Movie"[39m
2022-09-05 15:33:34:3334 - [32minfo[39m: [32mConectou!!!![39m
2022-09-05 15:33:34:3334 - [32minfo[39m: [32mAplicação funcionando na porta: 3000[39m
2022-09-05 15:33:40:3340 - [32minfo[39m: [32mErro no sistema: Cast to ObjectId failed for value "63163853ac8c76c4ed4970" (type string) at path "_id" for model "Movie"[39m
2022-09-05 15:34:16:3416 - [35mhttp[39m: [35mDELETE /api/movie/63163853ac8c76c4ed4970 - - - - ms[39m
[35m[39m
2022-09-05 15:35:06:356 - [32minfo[39m: [32mConectou!!!![39m
2022-09-05 15:35:06:356 - [32minfo[39m: [32mAplicação funcionando na porta: 3000[39m
2022-09-05 15:35:13:3513 - [31merror[39m: [31mErro no sistema: Cast to ObjectId failed for value "63163853ac8c76c4ed4970" (type string) at path "_id" for model "Movie"[39m
2022-09-05 15:35:21:3521 - [35mhttp[39m: [35mDELETE /api/movie/63163853ac8c76c4ed4970 - - - - ms[39m
[35m[39m
2022-09-05 15:36:24:3624 - [32minfo[39m: [32mConectou!!!![39m
2022-09-05 15:36:24:3624 - [32minfo[39m: [32mAplicação funcionando na porta: 3000[39m
2022-09-05 15:36:27:3627 - [31merror[39m: [31mErro no sistema: Cast to ObjectId failed for value "63163853ac8c76c4ed4970" (type string) at path "_id" for model "Movie"[39m
2022-09-05 15:36:29:3629 - [35mhttp[39m: [35mDELETE /api/movie/63163853ac8c76c4ed4970 - - - - ms[39m
[35m[39m
2022-09-05 15:38:13:3813 - [32minfo[39m: [32mConectou!!!![39m
2022-09-05 15:38:13:3813 - [32minfo[39m: [32mAplicação funcionando na porta: 3000[39m
2022-09-05 15:38:26:3826 - [32minfo[39m: [32mConectou!!!![39m
2022-09-05 15:38:26:3826 - [32minfo[39m: [32mAplicação funcionando na porta: 3000[39m
2022-09-05 15:38:29:3829 - [31merror[39m: [31mErro no sistema: Cast to ObjectId failed for value "63163853ac8c76c4ed4970" (type string) at path "_id" for model "Movie"[39m
2022-09-05 15:38:35:3835 - [35mhttp[39m: [35mDELETE /api/movie/63163853ac8c76c4ed4970 - - - - ms[39m
[35m[39m
2022-09-05 15:41:03:413 - [32minfo[39m: [32mConectou!!!![39m
2022-09-05 15:41:03:413 - [32minfo[39m: [32mAplicação funcionando na porta: 3000[39m
2022-09-05 15:41:08:418 - [31merror[39m: [31mErro no sistema: movie is not defined[39m
2022-09-05 15:41:09:419 - [35mhttp[39m: [35mDELETE /api/movie/63163853ac8c76c4ed4970 - - - - ms[39m
[35m[39m
2022-09-05 15:42:28:4228 - [35mhttp[39m: [35mGET /api//movie 200 865 - 47.925 ms[39m
[35m[39m
2022-09-05 15:42:57:4257 - [31merror[39m: [31mErro no sistema: movie is not defined[39m
2022-09-05 15:43:15:4315 - [32minfo[39m: [32mConectou!!!![39m
2022-09-05 15:43:15:4315 - [32minfo[39m: [32mAplicação funcionando na porta: 3000[39m
2022-09-05 15:43:19:4319 - [31merror[39m: [31mErro no sistema: Cast to ObjectId failed for value "63162e5234623a2786704bf" (type string) at path "_id" for model "Movie"[39m
2022-09-05 15:43:30:4330 - [35mhttp[39m: [35mDELETE /api/movie/63162e5234623a2786704bf - - - - ms[39m
[35m[39m
2022-09-05 15:43:32:4332 - [31merror[39m: [31mErro no sistema: Cast to ObjectId failed for value ""63162e5234623a2786704bf"" (type string) at path "_id" for model "Movie"[39m
2022-09-05 15:43:36:4336 - [35mhttp[39m: [35mDELETE /api/movie/%2263162e5234623a2786704bf%22 - - - - ms[39m
[35m[39m
2022-09-05 15:44:27:4427 - [35mhttp[39m: [35mGET /api//movie/63162e5234623a2786704bf8 200 439 - 44.860 ms[39m
[35m[39m
2022-09-05 15:44:41:4441 - [31merror[39m: [31mErro no sistema: Cast to ObjectId failed for value "63162e5234623a2786704bf" (type string) at path "_id" for model "Movie"[39m
2022-09-05 15:44:44:4444 - [35mhttp[39m: [35mDELETE /api/movie/63162e5234623a2786704bf - - - - ms[39m
[35m[39m
2022-09-05 15:44:49:4449 - [31merror[39m: [31mErro no sistema: Cast to ObjectId failed for value "63162e5234623a2786704bf" (type string) at path "_id" for model "Movie"[39m
2022-09-05 15:44:54:4454 - [35mhttp[39m: [35mDELETE /api//movie/63162e5234623a2786704bf - - - - ms[39m
[35m[39m
2022-09-05 15:44:59:4459 - [35mhttp[39m: [35mDELETE /api/63162e5234623a2786704bf 404 169 - 1.680 ms[39m
[35m[39m
2022-09-05 15:45:13:4513 - [35mhttp[39m: [35mDELETE /api//63162e5234623a2786704bf 404 170 - 0.760 ms[39m
[35m[39m
2022-09-05 15:45:32:4532 - [31merror[39m: [31mErro no sistema: Cast to ObjectId failed for value "63162e5234623a2786704bf" (type string) at path "_id" for model "Movie"[39m
2022-09-05 15:45:35:4535 - [35mhttp[39m: [35mDELETE /api//movie/63162e5234623a2786704bf - - - - ms[39m
[35m[39m
2022-09-05 15:45:43:4543 - [31merror[39m: [31mErro no sistema: Cast to ObjectId failed for value "63162e5234623a2786704bf" (type string) at path "_id" for model "Movie"[39m
2022-09-05 15:45:51:4551 - [35mhttp[39m: [35mDELETE /api/movie/63162e5234623a2786704bf - - - - ms[39m
[35m[39m
2022-09-05 15:45:53:4553 - [35mhttp[39m: [35mDELETE /api/movie/63162e5234623a2786704bf8 200 37 - 63.841 ms[39m
[35m[39m
2022-09-05 15:46:08:468 - [35mhttp[39m: [35mGET /api//movie 200 425 - 29.858 ms[39m
[35m[39m
2022-09-05 15:47:15:4715 - [35mhttp[39m: [35mDELETE /api/movie/63162e5234623a2786704bf8 404 32 - 29.490 ms[39m
[35m[39m
2022-09-05 15:51:54:5154 - [35mhttp[39m: [35mPATCH /api/movie/63162e5234623a2786704bf8 404 175 - 0.975 ms[39m
[35m[39m
2022-09-05 15:52:23:5223 - [32minfo[39m: [32mConectou!!!![39m
2022-09-05 15:52:23:5223 - [32minfo[39m: [32mAplicação funcionando na porta: 3000[39m
2022-09-05 15:52:30:5230 - [35mhttp[39m: [35mPATCH /api/movie/63162e5234623a2786704bf8 404 32 - 37.752 ms[39m
[35m[39m
2022-09-05 15:55:20:5520 - [32minfo[39m: [32mConectou!!!![39m
2022-09-05 15:55:20:5520 - [32minfo[39m: [32mAplicação funcionando na porta: 3000[39m
2022-09-05 15:55:30:5530 - [35mhttp[39m: [35mGET /api//movie 200 425 - 47.309 ms[39m
[35m[39m
2022-09-05 15:57:18:5718 - [35mhttp[39m: [35mPATCH /api/movie/63163853ac8c76c4ed4970ad 200 39 - 64.635 ms[39m
[35m[39m
2022-09-05 15:58:15:5815 - [32minfo[39m: [32mConectou!!!![39m
2022-09-05 15:58:15:5815 - [32minfo[39m: [32mAplicação funcionando na porta: 3000[39m
